<?xml version="1.0" encoding="UTF-8"?>
<!-- Generated by org.testng.reporters.JUnitXMLReporter -->
<testsuite ignored="4" hostname="ZSCHN01LP0407" failures="0" tests="1" name="LogIn tests" time="114.589" errors="0" timestamp="2025-08-13T19:58:41 IST">
  <testcase classname="tests.web.ECSScripts" name="TC01_logInToECSWithValidID" time="83.032"/>
  <testcase classname="tests.web.ECSScripts" name="TC02_logInToECSWithInvalidID" time="0.0">
    <ignored/>
  </testcase> <!-- TC02_logInToECSWithInvalidID -->
  <testcase classname="tests.web.ECSScripts" name="TC03_navigateToMakeAPaymentPage" time="0.0">
    <ignored/>
  </testcase> <!-- TC03_navigateToMakeAPaymentPage -->
  <testcase classname="tests.web.ECSScripts" name="TC05_navigateToStatementsPage" time="0.0">
    <ignored/>
  </testcase> <!-- TC05_navigateToStatementsPage -->
  <testcase classname="tests.web.ECSScripts" name="TC04_navigateToAutoPayPage" time="0.0">
    <ignored/>
  </testcase> <!-- TC04_navigateToAutoPayPage -->
</testsuite> <!-- LogIn tests -->
