<?xml version="1.0" encoding="UTF-8"?>
<!-- Generated by org.testng.reporters.JUnitXMLReporter -->
<testsuite ignored="3" hostname="ZSCHN01LP0407" failures="0" tests="2" name="LogIn tests" time="112.278" errors="0" timestamp="2025-07-30T17:15:55 IST">
  <testcase classname="tests.web.ECSScripts" name="TC01_logInToECSWithValidID" time="48.008"/>
  <testcase classname="tests.web.ECSScripts" name="TC02_logInToECSWithInvalidID" time="6.107"/>
  <testcase classname="tests.web.ECSScripts" name="TC04_navigateToAutoPayPage" time="0.0">
    <ignored/>
  </testcase> <!-- TC04_navigateToAutoPayPage -->
  <testcase classname="tests.web.ECSScripts" name="TC03_navigateToMakeAPaymentPage" time="0.0">
    <ignored/>
  </testcase> <!-- TC03_navigateToMakeAPaymentPage -->
  <testcase classname="tests.web.ECSScripts" name="TC05_navigateToStatementsPage" time="0.0">
    <ignored/>
  </testcase> <!-- TC05_navigateToStatementsPage -->
</testsuite> <!-- LogIn tests -->
