<?xml version="1.0" encoding="UTF-8"?>
<!-- Generated by org.testng.reporters.JUnitXMLReporter -->
<testsuite ignored="4" hostname="ZSCHN01LP0407" failures="0" tests="1" name="Navigate Make A Payment tests" time="135.051" errors="0" timestamp="2025-07-30T18:41:17 IST">
  <testcase classname="tests.web.ECSScripts" name="TC03_navigateToMakeAPaymentPage" time="91.314"/>
  <testcase classname="tests.web.ECSScripts" name="TC05_navigateToStatementsPage" time="0.0">
    <ignored/>
  </testcase> <!-- TC05_navigateToStatementsPage -->
  <testcase classname="tests.web.ECSScripts" name="TC02_logInToECSWithInvalidID" time="0.0">
    <ignored/>
  </testcase> <!-- TC02_logInToECSWithInvalidID -->
  <testcase classname="tests.web.ECSScripts" name="TC01_logInToECSWithValidID" time="0.0">
    <ignored/>
  </testcase> <!-- TC01_logInToECSWithValidID -->
  <testcase classname="tests.web.ECSScripts" name="TC04_navigateToAutoPayPage" time="0.0">
    <ignored/>
  </testcase> <!-- TC04_navigateToAutoPayPage -->
</testsuite> <!-- Navigate Make A Payment tests -->
