<?xml version="1.0" encoding="UTF-8"?>
<testng-results ignored="0" total="3" passed="3" failed="0" skipped="0">
  <reporter-output>
  </reporter-output>
  <suite started-at="2025-08-06T20:17:36 IST" name="ECS Sanity Suite" finished-at="2025-08-06T20:18:31 IST" duration-ms="54712">
    <groups>
    </groups>
    <test started-at="2025-08-06T20:17:36 IST" name="Navigate Statement tests" finished-at="2025-08-06T20:18:29 IST" duration-ms="53028">
      <class name="tests.web.ECSScripts">
        <test-method is-config="true" signature="setupReport(java.lang.String)[pri:0, instance:tests.web.ECSScripts@704deff2]" started-at="2025-08-06T20:17:36 IST" name="setupReport" finished-at="2025-08-06T20:17:36 IST" duration-ms="247" status="PASS">
          <params>
            <param index="0">
              <value>
                <![CDATA[ECS_TEST]]>
              </value>
            </param>
          </params>
          <reporter-output>
          </reporter-output>
        </test-method> <!-- setupReport -->
        <test-method is-config="true" signature="beforeMethod(java.lang.reflect.Method,org.testng.ITestContext)[pri:0, instance:tests.web.ECSScripts@704deff2]" started-at="2025-08-06T20:17:37 IST" name="beforeMethod" finished-at="2025-08-06T20:17:51 IST" duration-ms="14270" status="PASS">
          <params>
            <param index="0">
              <value>
                <![CDATA[public void tests.web.ECSScripts.TC05_navigateToStatementsPage(java.util.Map)]]>
              </value>
            </param>
            <param index="1">
              <value>
                <![CDATA[org.testng.TestRunner@438bad7c]]>
              </value>
            </param>
          </params>
          <reporter-output>
          </reporter-output>
        </test-method> <!-- beforeMethod -->
        <test-method signature="TC05_navigateToStatementsPage(java.util.Map)[pri:0, instance:tests.web.ECSScripts@704deff2]" started-at="2025-08-06T20:17:51 IST" name="TC05_navigateToStatementsPage" description="Verify if user is able to navigate to Auto Pay page" data-provider="commonDataProvider" finished-at="2025-08-06T20:18:28 IST" duration-ms="37559" status="PASS">
          <params>
            <param index="0">
              <value>
                <![CDATA[{automationId=TC05_navigateToStatementsPage, password=Password2!, username=liliiatest3082}]]>
              </value>
            </param>
          </params>
          <reporter-output>
          </reporter-output>
        </test-method> <!-- TC05_navigateToStatementsPage -->
        <test-method is-config="true" signature="afterMethod(org.testng.ITestResult,java.lang.reflect.Method,org.testng.ITestContext)[pri:0, instance:tests.web.ECSScripts@704deff2]" started-at="2025-08-06T20:18:28 IST" name="afterMethod" finished-at="2025-08-06T20:18:29 IST" duration-ms="951" status="PASS">
          <params>
            <param index="0">
              <value>
                <![CDATA[[TestResult name=TC05_navigateToStatementsPage status=SUCCESS method=ECSScripts.TC05_navigateToStatementsPage(java.util.Map)[pri:0, instance:tests.web.ECSScripts@704deff2] output={null}]]]>
              </value>
            </param>
            <param index="1">
              <value>
                <![CDATA[public void tests.web.ECSScripts.TC05_navigateToStatementsPage(java.util.Map)]]>
              </value>
            </param>
            <param index="2">
              <value>
                <![CDATA[org.testng.TestRunner@438bad7c]]>
              </value>
            </param>
          </params>
          <reporter-output>
          </reporter-output>
        </test-method> <!-- afterMethod -->
        <test-method is-config="true" signature="tearDownReport()[pri:0, instance:tests.web.ECSScripts@704deff2]" started-at="2025-08-06T20:18:31 IST" name="tearDownReport" finished-at="2025-08-06T20:18:33 IST" duration-ms="1124" status="PASS">
          <reporter-output>
          </reporter-output>
        </test-method> <!-- tearDownReport -->
      </class> <!-- tests.web.ECSScripts -->
    </test> <!-- Navigate Statement tests -->
    <test started-at="2025-08-06T20:17:36 IST" name="Navigate Make A Payment tests" finished-at="2025-08-06T20:18:31 IST" duration-ms="54133">
      <class name="tests.web.ECSScripts">
        <test-method is-config="true" signature="beforeMethod(java.lang.reflect.Method,org.testng.ITestContext)[pri:0, instance:tests.web.ECSScripts@42b3b079]" started-at="2025-08-06T20:17:37 IST" name="beforeMethod" finished-at="2025-08-06T20:17:46 IST" duration-ms="9585" status="PASS">
          <params>
            <param index="0">
              <value>
                <![CDATA[public void tests.web.ECSScripts.TC03_navigateToMakeAPaymentPage(java.util.Map)]]>
              </value>
            </param>
            <param index="1">
              <value>
                <![CDATA[org.testng.TestRunner@1ad777f]]>
              </value>
            </param>
          </params>
          <reporter-output>
          </reporter-output>
        </test-method> <!-- beforeMethod -->
        <test-method signature="TC03_navigateToMakeAPaymentPage(java.util.Map)[pri:0, instance:tests.web.ECSScripts@42b3b079]" started-at="2025-08-06T20:17:46 IST" name="TC03_navigateToMakeAPaymentPage" description="Verify if user is able to navigate to Make A Payment page" data-provider="commonDataProvider" finished-at="2025-08-06T20:18:30 IST" duration-ms="43322" status="PASS">
          <params>
            <param index="0">
              <value>
                <![CDATA[{automationId=TC03_navigateToMakeAPaymentPage, password=Password2!, username=liliiatest3082}]]>
              </value>
            </param>
          </params>
          <reporter-output>
          </reporter-output>
        </test-method> <!-- TC03_navigateToMakeAPaymentPage -->
        <test-method is-config="true" signature="afterMethod(org.testng.ITestResult,java.lang.reflect.Method,org.testng.ITestContext)[pri:0, instance:tests.web.ECSScripts@42b3b079]" started-at="2025-08-06T20:18:30 IST" name="afterMethod" finished-at="2025-08-06T20:18:31 IST" duration-ms="956" status="PASS">
          <params>
            <param index="0">
              <value>
                <![CDATA[[TestResult name=TC03_navigateToMakeAPaymentPage status=SUCCESS method=ECSScripts.TC03_navigateToMakeAPaymentPage(java.util.Map)[pri:0, instance:tests.web.ECSScripts@42b3b079] output={null}]]]>
              </value>
            </param>
            <param index="1">
              <value>
                <![CDATA[public void tests.web.ECSScripts.TC03_navigateToMakeAPaymentPage(java.util.Map)]]>
              </value>
            </param>
            <param index="2">
              <value>
                <![CDATA[org.testng.TestRunner@1ad777f]]>
              </value>
            </param>
          </params>
          <reporter-output>
          </reporter-output>
        </test-method> <!-- afterMethod -->
      </class> <!-- tests.web.ECSScripts -->
    </test> <!-- Navigate Make A Payment tests -->
    <test started-at="2025-08-06T20:17:36 IST" name="Navigate Auto Pay tests" finished-at="2025-08-06T20:18:31 IST" duration-ms="54712">
      <class name="tests.web.ECSScripts">
        <test-method is-config="true" signature="beforeMethod(java.lang.reflect.Method,org.testng.ITestContext)[pri:0, instance:tests.web.ECSScripts@1e4d3ce5]" started-at="2025-08-06T20:17:37 IST" name="beforeMethod" finished-at="2025-08-06T20:17:49 IST" duration-ms="12610" status="PASS">
          <params>
            <param index="0">
              <value>
                <![CDATA[public void tests.web.ECSScripts.TC04_navigateToAutoPayPage(java.util.Map)]]>
              </value>
            </param>
            <param index="1">
              <value>
                <![CDATA[org.testng.TestRunner@5bbbdd4b]]>
              </value>
            </param>
          </params>
          <reporter-output>
          </reporter-output>
        </test-method> <!-- beforeMethod -->
        <test-method signature="TC04_navigateToAutoPayPage(java.util.Map)[pri:0, instance:tests.web.ECSScripts@1e4d3ce5]" started-at="2025-08-06T20:17:49 IST" name="TC04_navigateToAutoPayPage" description="Verify if user is able to navigate to Auto Pay page" data-provider="commonDataProvider" finished-at="2025-08-06T20:18:30 IST" duration-ms="40928" status="PASS">
          <params>
            <param index="0">
              <value>
                <![CDATA[{automationId=TC04_navigateToAutoPayPage, password=Password2!, username=liliiatest3082}]]>
              </value>
            </param>
          </params>
          <reporter-output>
          </reporter-output>
        </test-method> <!-- TC04_navigateToAutoPayPage -->
        <test-method is-config="true" signature="afterMethod(org.testng.ITestResult,java.lang.reflect.Method,org.testng.ITestContext)[pri:0, instance:tests.web.ECSScripts@1e4d3ce5]" started-at="2025-08-06T20:18:30 IST" name="afterMethod" finished-at="2025-08-06T20:18:31 IST" duration-ms="924" status="PASS">
          <params>
            <param index="0">
              <value>
                <![CDATA[[TestResult name=TC04_navigateToAutoPayPage status=SUCCESS method=ECSScripts.TC04_navigateToAutoPayPage(java.util.Map)[pri:0, instance:tests.web.ECSScripts@1e4d3ce5] output={null}]]]>
              </value>
            </param>
            <param index="1">
              <value>
                <![CDATA[public void tests.web.ECSScripts.TC04_navigateToAutoPayPage(java.util.Map)]]>
              </value>
            </param>
            <param index="2">
              <value>
                <![CDATA[org.testng.TestRunner@5bbbdd4b]]>
              </value>
            </param>
          </params>
          <reporter-output>
          </reporter-output>
        </test-method> <!-- afterMethod -->
      </class> <!-- tests.web.ECSScripts -->
    </test> <!-- Navigate Auto Pay tests -->
  </suite> <!-- ECS Sanity Suite -->
</testng-results>
