<?xml version="1.0" encoding="UTF-8"?>
<!-- Generated by org.testng.reporters.JUnitXMLReporter -->
<testsuite ignored="4" hostname="ZSCHN01LP0407" failures="0" tests="1" name="Navigate Statement tests" time="53.028" errors="0" timestamp="2025-08-06T20:18:29 IST">
  <testcase classname="tests.web.ECSScripts" name="TC05_navigateToStatementsPage" time="37.559"/>
  <testcase classname="tests.web.ECSScripts" name="TC03_navigateToMakeAPaymentPage" time="0.0">
    <ignored/>
  </testcase> <!-- TC03_navigateToMakeAPaymentPage -->
  <testcase classname="tests.web.ECSScripts" name="TC02_logInToECSWithInvalidID" time="0.0">
    <ignored/>
  </testcase> <!-- TC02_logInToECSWithInvalidID -->
  <testcase classname="tests.web.ECSScripts" name="TC01_logInToECSWithValidID" time="0.0">
    <ignored/>
  </testcase> <!-- TC01_logInToECSWithValidID -->
  <testcase classname="tests.web.ECSScripts" name="TC04_navigateToAutoPayPage" time="0.0">
    <ignored/>
  </testcase> <!-- TC04_navigateToAutoPayPage -->
</testsuite> <!-- Navigate Statement tests -->
