<?xml version="1.0" encoding="UTF-8"?>
<!-- Generated by org.testng.reporters.JUnitXMLReporter -->
<testsuite ignored="2" hostname="ZSCHN01LP0407" failures="0" tests="1" name="Get Data API" time="4.311" errors="0" timestamp="2025-08-06T15:54:42 IST">
  <testcase classname="tests.api.SampleAPI" name="TC01_GetSomeData" time="4.234"/>
  <testcase classname="tests.api.SampleAPI" name="TC03_PutSomeData" time="0.0">
    <ignored/>
  </testcase> <!-- TC03_PutSomeData -->
  <testcase classname="tests.api.SampleAPI" name="TC02_PostSomeData" time="0.0">
    <ignored/>
  </testcase> <!-- TC02_PostSomeData -->
</testsuite> <!-- Get Data API -->
