<?xml version="1.0" encoding="UTF-8"?>
<!-- Generated by org.testng.reporters.JUnitXMLReporter -->
<testsuite ignored="1" hostname="ZSCHN01LP0407" failures="0" tests="4" name="ReqRes API" time="6.064" errors="0" timestamp="2025-08-06T15:54:44 IST">
  <testcase classname="tests.api.SampleAPI" name="TC02_PostSomeData" time="5.143"/>
  <testcase classname="tests.api.SampleAPI" name="TC02_PostSomeData" time="5.143"/>
  <testcase classname="tests.api.SampleAPI" name="TC02_PostSomeData" time="5.143"/>
  <testcase classname="tests.api.SampleAPI" name="TC03_PutSomeData" time="0.471"/>
  <testcase classname="tests.api.SampleAPI" name="TC01_GetSomeData" time="0.0">
    <ignored/>
  </testcase> <!-- TC01_GetSomeData -->
</testsuite> <!-- ReqRes API -->
